<?xml version="1.0" encoding="UTF-8"?>
<robot generator="Robot 6.1.1 (Python 3.11.6 on darwin)" generated="20231120 23:26:10.837" rpa="false" schemaversion="4">
<suite id="s1" name="Register" source="/Users/johannareinikainen/Documents/OPINNOT/opinnot_23/PERIODI2/OHTU/palautusrepositorio/viikko3/web-login/src/tests/register.robot">
<kw name="Open And Configure Browser" library="resource" type="SETUP">
<kw name="Evaluate" library="BuiltIn">
<var>${options}</var>
<arg>sys.modules['selenium.webdriver'].ChromeOptions()</arg>
<arg>sys</arg>
<doc>Evaluates the given expression in Python and returns the result.</doc>
<msg timestamp="20231120 23:26:10.913" level="INFO">${options} = &lt;selenium.webdriver.chrome.options.Options object at 0x102e930d0&gt;</msg>
<status status="PASS" starttime="20231120 23:26:10.913" endtime="20231120 23:26:10.913"/>
</kw>
<kw name="Call Method" library="BuiltIn">
<arg>${options}</arg>
<arg>add_argument</arg>
<arg>--no-sandbox</arg>
<doc>Calls the named method of the given object with the provided arguments.</doc>
<status status="PASS" starttime="20231120 23:26:10.913" endtime="20231120 23:26:10.913"/>
</kw>
<kw name="Open Browser" library="SeleniumLibrary">
<arg>browser=chrome</arg>
<arg>options=${options}</arg>
<doc>Opens a new browser instance to the optional ``url``.</doc>
<msg timestamp="20231120 23:26:10.913" level="INFO">Opening browser 'chrome' to base url 'None'.</msg>
<status status="PASS" starttime="20231120 23:26:10.913" endtime="20231120 23:26:12.093"/>
</kw>
<kw name="Set Selenium Speed" library="SeleniumLibrary">
<arg>${DELAY}</arg>
<doc>Sets the delay that is waited after each Selenium command.</doc>
<status status="PASS" starttime="20231120 23:26:12.093" endtime="20231120 23:26:12.094"/>
</kw>
<status status="PASS" starttime="20231120 23:26:10.913" endtime="20231120 23:26:12.094"/>
</kw>
<test id="s1-t1" name="Register With Nonmatching Password And Password Confirmation" line="37">
<kw name="Go To Register Page" type="SETUP">
<kw name="Go To Starting Page" library="resource">
<kw name="Go To" library="SeleniumLibrary">
<arg>${HOME_URL}</arg>
<doc>Navigates the current browser window to the provided ``url``.</doc>
<msg timestamp="20231120 23:26:12.095" level="INFO">Opening url 'http://localhost:5001'</msg>
<status status="PASS" starttime="20231120 23:26:12.095" endtime="20231120 23:26:12.650"/>
</kw>
<status status="PASS" starttime="20231120 23:26:12.095" endtime="20231120 23:26:12.650"/>
</kw>
<kw name="Click Link" library="SeleniumLibrary">
<arg>Register new user</arg>
<doc>Clicks a link identified by ``locator``.</doc>
<msg timestamp="20231120 23:26:12.651" level="INFO">Clicking link 'Register new user'.</msg>
<status status="PASS" starttime="20231120 23:26:12.650" endtime="20231120 23:26:14.213"/>
</kw>
<status status="PASS" starttime="20231120 23:26:12.095" endtime="20231120 23:26:14.213"/>
</kw>
<kw name="Set Username">
<arg>johanna</arg>
<kw name="Input Text" library="SeleniumLibrary">
<arg>username</arg>
<arg>${username}</arg>
<doc>Types the given ``text`` into the text field identified by ``locator``.</doc>
<msg timestamp="20231120 23:26:14.215" level="INFO">Typing text 'johanna' into text field 'username'.</msg>
<status status="PASS" starttime="20231120 23:26:14.214" endtime="20231120 23:26:15.834"/>
</kw>
<status status="PASS" starttime="20231120 23:26:14.214" endtime="20231120 23:26:15.834"/>
</kw>
<kw name="Set Password">
<arg>johanna123</arg>
<kw name="Input Password" library="SeleniumLibrary">
<arg>password</arg>
<arg>${password}</arg>
<doc>Types the given password into the text field identified by ``locator``.</doc>
<msg timestamp="20231120 23:26:15.836" level="INFO">Typing password into text field 'password'.</msg>
<msg timestamp="20231120 23:26:16.864" level="INFO">Temporally setting log level to: NONE</msg>
<msg timestamp="20231120 23:26:17.447" level="INFO">Log level changed from NONE to INFO.</msg>
<status status="PASS" starttime="20231120 23:26:15.835" endtime="20231120 23:26:17.447"/>
</kw>
<status status="PASS" starttime="20231120 23:26:15.835" endtime="20231120 23:26:17.448"/>
</kw>
<kw name="Set Password Confirmation">
<arg>johanna234</arg>
<kw name="Input Password" library="SeleniumLibrary">
<arg>password_confirmation</arg>
<arg>${password}</arg>
<doc>Types the given password into the text field identified by ``locator``.</doc>
<msg timestamp="20231120 23:26:17.449" level="INFO">Typing password into text field 'password_confirmation'.</msg>
<msg timestamp="20231120 23:26:18.477" level="INFO">Temporally setting log level to: NONE</msg>
<msg timestamp="20231120 23:26:19.009" level="INFO">Log level changed from NONE to INFO.</msg>
<status status="PASS" starttime="20231120 23:26:17.448" endtime="20231120 23:26:19.009"/>
</kw>
<status status="PASS" starttime="20231120 23:26:17.448" endtime="20231120 23:26:19.010"/>
</kw>
<kw name="Click Button" library="SeleniumLibrary">
<arg>Register</arg>
<doc>Clicks the button identified by ``locator``.</doc>
<msg timestamp="20231120 23:26:19.011" level="INFO">Clicking button 'Register'.</msg>
<status status="PASS" starttime="20231120 23:26:19.010" endtime="20231120 23:26:21.088"/>
</kw>
<kw name="Registration Should Fail With Message">
<arg>Password doesn't match confirmation</arg>
<kw name="Register Page Should Be Open" library="resource">
<kw name="Title Should Be" library="SeleniumLibrary">
<arg>Register</arg>
<doc>Verifies that the current page title equals ``title``.</doc>
<msg timestamp="20231120 23:26:21.599" level="INFO">Page title is 'Register'.</msg>
<status status="PASS" starttime="20231120 23:26:21.090" endtime="20231120 23:26:21.599"/>
</kw>
<status status="PASS" starttime="20231120 23:26:21.089" endtime="20231120 23:26:21.599"/>
</kw>
<kw name="Page Should Contain" library="SeleniumLibrary">
<arg>${message}</arg>
<doc>Verifies that current page contains ``text``.</doc>
<msg timestamp="20231120 23:26:22.622" level="INFO">Current page contains text 'Password doesn't match confirmation'.</msg>
<status status="PASS" starttime="20231120 23:26:21.599" endtime="20231120 23:26:22.623"/>
</kw>
<status status="PASS" starttime="20231120 23:26:21.088" endtime="20231120 23:26:22.623"/>
</kw>
<status status="PASS" starttime="20231120 23:26:12.094" endtime="20231120 23:26:22.623"/>
</test>
<kw name="Close Browser" library="SeleniumLibrary" type="TEARDOWN">
<doc>Closes the current browser.</doc>
<status status="PASS" starttime="20231120 23:26:22.625" endtime="20231120 23:26:23.194"/>
</kw>
<status status="PASS" starttime="20231120 23:26:10.838" endtime="20231120 23:26:23.194"/>
</suite>
<statistics>
<total>
<stat pass="1" fail="0" skip="0">All Tests</stat>
</total>
<tag>
</tag>
<suite>
<stat pass="1" fail="0" skip="0" id="s1" name="Register">Register</stat>
</suite>
</statistics>
<errors>
</errors>
</robot>
