<?xml version="1.0" encoding="UTF-8"?>
<robot generator="Robot 6.1.1 (Python 3.11.6 on darwin)" generated="20231120 22:49:25.874" rpa="false" schemaversion="4">
<suite id="s1" name="Tests" source="/Users/johannareinikainen/Documents/OPINNOT/opinnot_23/PERIODI2/OHTU/palautusrepositorio/viikko3/web-login/src/tests">
<suite id="s1-s1" name="Home" source="/Users/johannareinikainen/Documents/OPINNOT/opinnot_23/PERIODI2/OHTU/palautusrepositorio/viikko3/web-login/src/tests/home.robot">
<kw name="Open And Configure Browser" library="resource" type="SETUP">
<kw name="Evaluate" library="BuiltIn">
<var>${options}</var>
<arg>sys.modules['selenium.webdriver'].ChromeOptions()</arg>
<arg>sys</arg>
<doc>Evaluates the given expression in Python and returns the result.</doc>
<msg timestamp="20231120 22:49:25.950" level="INFO">${options} = &lt;selenium.webdriver.chrome.options.Options object at 0x10275d150&gt;</msg>
<status status="PASS" starttime="20231120 22:49:25.949" endtime="20231120 22:49:25.950"/>
</kw>
<kw name="Call Method" library="BuiltIn">
<arg>${options}</arg>
<arg>add_argument</arg>
<arg>--no-sandbox</arg>
<doc>Calls the named method of the given object with the provided arguments.</doc>
<status status="PASS" starttime="20231120 22:49:25.950" endtime="20231120 22:49:25.950"/>
</kw>
<kw name="Open Browser" library="SeleniumLibrary">
<arg>browser=chrome</arg>
<arg>options=${options}</arg>
<doc>Opens a new browser instance to the optional ``url``.</doc>
<msg timestamp="20231120 22:49:25.950" level="INFO">Opening browser 'chrome' to base url 'None'.</msg>
<status status="PASS" starttime="20231120 22:49:25.950" endtime="20231120 22:49:27.123"/>
</kw>
<kw name="Set Selenium Speed" library="SeleniumLibrary">
<arg>${DELAY}</arg>
<doc>Sets the delay that is waited after each Selenium command.</doc>
<status status="PASS" starttime="20231120 22:49:27.123" endtime="20231120 22:49:27.124"/>
</kw>
<status status="PASS" starttime="20231120 22:49:25.949" endtime="20231120 22:49:27.124"/>
</kw>
<test id="s1-s1-t1" name="Click Login Link" line="8">
<kw name="Go To Starting Page" library="resource" type="SETUP">
<kw name="Go To" library="SeleniumLibrary">
<arg>${HOME_URL}</arg>
<doc>Navigates the current browser window to the provided ``url``.</doc>
<msg timestamp="20231120 22:49:27.125" level="INFO">Opening url 'http://localhost:5001'</msg>
<status status="PASS" starttime="20231120 22:49:27.125" endtime="20231120 22:49:27.681"/>
</kw>
<status status="PASS" starttime="20231120 22:49:27.125" endtime="20231120 22:49:27.681"/>
</kw>
<kw name="Click Link" library="SeleniumLibrary">
<arg>Login</arg>
<doc>Clicks a link identified by ``locator``.</doc>
<msg timestamp="20231120 22:49:27.683" level="INFO">Clicking link 'Login'.</msg>
<status status="PASS" starttime="20231120 22:49:27.682" endtime="20231120 22:49:29.257"/>
</kw>
<kw name="Login Page Should Be Open" library="resource">
<kw name="Title Should Be" library="SeleniumLibrary">
<arg>Login</arg>
<doc>Verifies that the current page title equals ``title``.</doc>
<msg timestamp="20231120 22:49:29.763" level="INFO">Page title is 'Login'.</msg>
<status status="PASS" starttime="20231120 22:49:29.258" endtime="20231120 22:49:29.763"/>
</kw>
<status status="PASS" starttime="20231120 22:49:29.257" endtime="20231120 22:49:29.763"/>
</kw>
<status status="PASS" starttime="20231120 22:49:27.124" endtime="20231120 22:49:29.763"/>
</test>
<test id="s1-s1-t2" name="Click Register Link" line="12">
<kw name="Go To Starting Page" library="resource" type="SETUP">
<kw name="Go To" library="SeleniumLibrary">
<arg>${HOME_URL}</arg>
<doc>Navigates the current browser window to the provided ``url``.</doc>
<msg timestamp="20231120 22:49:29.764" level="INFO">Opening url 'http://localhost:5001'</msg>
<status status="PASS" starttime="20231120 22:49:29.763" endtime="20231120 22:49:30.277"/>
</kw>
<status status="PASS" starttime="20231120 22:49:29.763" endtime="20231120 22:49:30.277"/>
</kw>
<kw name="Click Link" library="SeleniumLibrary">
<arg>Register new user</arg>
<doc>Clicks a link identified by ``locator``.</doc>
<msg timestamp="20231120 22:49:30.277" level="INFO">Clicking link 'Register new user'.</msg>
<status status="PASS" starttime="20231120 22:49:30.277" endtime="20231120 22:49:31.834"/>
</kw>
<kw name="Register Page Should Be Open" library="resource">
<kw name="Title Should Be" library="SeleniumLibrary">
<arg>Register</arg>
<doc>Verifies that the current page title equals ``title``.</doc>
<msg timestamp="20231120 22:49:32.344" level="INFO">Page title is 'Register'.</msg>
<status status="PASS" starttime="20231120 22:49:31.835" endtime="20231120 22:49:32.344"/>
</kw>
<status status="PASS" starttime="20231120 22:49:31.835" endtime="20231120 22:49:32.345"/>
</kw>
<status status="PASS" starttime="20231120 22:49:29.763" endtime="20231120 22:49:32.345"/>
</test>
<kw name="Close Browser" library="SeleniumLibrary" type="TEARDOWN">
<doc>Closes the current browser.</doc>
<status status="PASS" starttime="20231120 22:49:32.346" endtime="20231120 22:49:32.907"/>
</kw>
<status status="PASS" starttime="20231120 22:49:25.882" endtime="20231120 22:49:32.908"/>
</suite>
<suite id="s1-s2" name="Login" source="/Users/johannareinikainen/Documents/OPINNOT/opinnot_23/PERIODI2/OHTU/palautusrepositorio/viikko3/web-login/src/tests/login.robot">
<kw name="Open And Configure Browser" library="resource" type="SETUP">
<kw name="Evaluate" library="BuiltIn">
<var>${options}</var>
<arg>sys.modules['selenium.webdriver'].ChromeOptions()</arg>
<arg>sys</arg>
<doc>Evaluates the given expression in Python and returns the result.</doc>
<msg timestamp="20231120 22:49:32.910" level="INFO">${options} = &lt;selenium.webdriver.chrome.options.Options object at 0x102775490&gt;</msg>
<status status="PASS" starttime="20231120 22:49:32.910" endtime="20231120 22:49:32.910"/>
</kw>
<kw name="Call Method" library="BuiltIn">
<arg>${options}</arg>
<arg>add_argument</arg>
<arg>--no-sandbox</arg>
<doc>Calls the named method of the given object with the provided arguments.</doc>
<status status="PASS" starttime="20231120 22:49:32.910" endtime="20231120 22:49:32.910"/>
</kw>
<kw name="Open Browser" library="SeleniumLibrary">
<arg>browser=chrome</arg>
<arg>options=${options}</arg>
<doc>Opens a new browser instance to the optional ``url``.</doc>
<msg timestamp="20231120 22:49:32.910" level="INFO">Opening browser 'chrome' to base url 'None'.</msg>
<status status="PASS" starttime="20231120 22:49:32.910" endtime="20231120 22:49:34.050"/>
</kw>
<kw name="Set Selenium Speed" library="SeleniumLibrary">
<arg>${DELAY}</arg>
<doc>Sets the delay that is waited after each Selenium command.</doc>
<status status="PASS" starttime="20231120 22:49:34.050" endtime="20231120 22:49:34.051"/>
</kw>
<status status="PASS" starttime="20231120 22:49:32.910" endtime="20231120 22:49:34.051"/>
</kw>
<test id="s1-s2-t1" name="Login With Correct Credentials" line="8">
<kw name="Create User And Go To Login Page" type="SETUP">
<kw name="Create User" library="AppLibrary">
<arg>kalle</arg>
<arg>kalle123</arg>
<status status="PASS" starttime="20231120 22:49:34.051" endtime="20231120 22:49:34.063"/>
</kw>
<kw name="Go To Login Page" library="resource">
<kw name="Go To" library="SeleniumLibrary">
<arg>${LOGIN_URL}</arg>
<doc>Navigates the current browser window to the provided ``url``.</doc>
<msg timestamp="20231120 22:49:34.063" level="INFO">Opening url 'http://localhost:5001/login'</msg>
<status status="PASS" starttime="20231120 22:49:34.063" endtime="20231120 22:49:34.612"/>
</kw>
<status status="PASS" starttime="20231120 22:49:34.063" endtime="20231120 22:49:34.612"/>
</kw>
<kw name="Login Page Should Be Open" library="resource">
<kw name="Title Should Be" library="SeleniumLibrary">
<arg>Login</arg>
<doc>Verifies that the current page title equals ``title``.</doc>
<msg timestamp="20231120 22:49:35.121" level="INFO">Page title is 'Login'.</msg>
<status status="PASS" starttime="20231120 22:49:34.613" endtime="20231120 22:49:35.122"/>
</kw>
<status status="PASS" starttime="20231120 22:49:34.612" endtime="20231120 22:49:35.123"/>
</kw>
<status status="PASS" starttime="20231120 22:49:34.051" endtime="20231120 22:49:35.123"/>
</kw>
<kw name="Set Username">
<arg>kalle</arg>
<kw name="Input Text" library="SeleniumLibrary">
<arg>username</arg>
<arg>${username}</arg>
<doc>Types the given ``text`` into the text field identified by ``locator``.</doc>
<msg timestamp="20231120 22:49:35.125" level="INFO">Typing text 'kalle' into text field 'username'.</msg>
<status status="PASS" starttime="20231120 22:49:35.124" endtime="20231120 22:49:36.727"/>
</kw>
<status status="PASS" starttime="20231120 22:49:35.124" endtime="20231120 22:49:36.727"/>
</kw>
<kw name="Set Password">
<arg>kalle123</arg>
<kw name="Input Password" library="SeleniumLibrary">
<arg>password</arg>
<arg>${password}</arg>
<doc>Types the given password into the text field identified by ``locator``.</doc>
<msg timestamp="20231120 22:49:36.729" level="INFO">Typing password into text field 'password'.</msg>
<msg timestamp="20231120 22:49:37.752" level="INFO">Temporally setting log level to: NONE</msg>
<msg timestamp="20231120 22:49:38.338" level="INFO">Log level changed from NONE to INFO.</msg>
<status status="PASS" starttime="20231120 22:49:36.728" endtime="20231120 22:49:38.338"/>
</kw>
<status status="PASS" starttime="20231120 22:49:36.728" endtime="20231120 22:49:38.339"/>
</kw>
<kw name="Submit Credentials">
<kw name="Click Button" library="SeleniumLibrary">
<arg>Login</arg>
<doc>Clicks the button identified by ``locator``.</doc>
<msg timestamp="20231120 22:49:38.340" level="INFO">Clicking button 'Login'.</msg>
<status status="PASS" starttime="20231120 22:49:38.339" endtime="20231120 22:49:40.404"/>
</kw>
<status status="PASS" starttime="20231120 22:49:38.339" endtime="20231120 22:49:40.404"/>
</kw>
<kw name="Login Should Succeed">
<kw name="Main Page Should Be Open" library="resource">
<kw name="Title Should Be" library="SeleniumLibrary">
<arg>Ohtu Application main page</arg>
<doc>Verifies that the current page title equals ``title``.</doc>
<msg timestamp="20231120 22:49:40.910" level="INFO">Page title is 'Ohtu Application main page'.</msg>
<status status="PASS" starttime="20231120 22:49:40.405" endtime="20231120 22:49:40.910"/>
</kw>
<status status="PASS" starttime="20231120 22:49:40.405" endtime="20231120 22:49:40.910"/>
</kw>
<status status="PASS" starttime="20231120 22:49:40.404" endtime="20231120 22:49:40.910"/>
</kw>
<status status="PASS" starttime="20231120 22:49:34.051" endtime="20231120 22:49:40.910"/>
</test>
<test id="s1-s2-t2" name="Login With Incorrect Password" line="14">
<kw name="Create User And Go To Login Page" type="SETUP">
<kw name="Create User" library="AppLibrary">
<arg>kalle</arg>
<arg>kalle123</arg>
<status status="PASS" starttime="20231120 22:49:40.911" endtime="20231120 22:49:40.920"/>
</kw>
<kw name="Go To Login Page" library="resource">
<kw name="Go To" library="SeleniumLibrary">
<arg>${LOGIN_URL}</arg>
<doc>Navigates the current browser window to the provided ``url``.</doc>
<msg timestamp="20231120 22:49:40.920" level="INFO">Opening url 'http://localhost:5001/login'</msg>
<status status="PASS" starttime="20231120 22:49:40.920" endtime="20231120 22:49:41.439"/>
</kw>
<status status="PASS" starttime="20231120 22:49:40.920" endtime="20231120 22:49:41.439"/>
</kw>
<kw name="Login Page Should Be Open" library="resource">
<kw name="Title Should Be" library="SeleniumLibrary">
<arg>Login</arg>
<doc>Verifies that the current page title equals ``title``.</doc>
<msg timestamp="20231120 22:49:41.947" level="INFO">Page title is 'Login'.</msg>
<status status="PASS" starttime="20231120 22:49:41.439" endtime="20231120 22:49:41.947"/>
</kw>
<status status="PASS" starttime="20231120 22:49:41.439" endtime="20231120 22:49:41.947"/>
</kw>
<status status="PASS" starttime="20231120 22:49:40.911" endtime="20231120 22:49:41.947"/>
</kw>
<kw name="Set Username">
<arg>kalle</arg>
<kw name="Input Text" library="SeleniumLibrary">
<arg>username</arg>
<arg>${username}</arg>
<doc>Types the given ``text`` into the text field identified by ``locator``.</doc>
<msg timestamp="20231120 22:49:41.948" level="INFO">Typing text 'kalle' into text field 'username'.</msg>
<status status="PASS" starttime="20231120 22:49:41.948" endtime="20231120 22:49:43.514"/>
</kw>
<status status="PASS" starttime="20231120 22:49:41.948" endtime="20231120 22:49:43.514"/>
</kw>
<kw name="Set Password">
<arg>kalle456</arg>
<kw name="Input Password" library="SeleniumLibrary">
<arg>password</arg>
<arg>${password}</arg>
<doc>Types the given password into the text field identified by ``locator``.</doc>
<msg timestamp="20231120 22:49:43.516" level="INFO">Typing password into text field 'password'.</msg>
<msg timestamp="20231120 22:49:44.560" level="INFO">Temporally setting log level to: NONE</msg>
<msg timestamp="20231120 22:49:45.099" level="INFO">Log level changed from NONE to INFO.</msg>
<status status="PASS" starttime="20231120 22:49:43.515" endtime="20231120 22:49:45.099"/>
</kw>
<status status="PASS" starttime="20231120 22:49:43.515" endtime="20231120 22:49:45.099"/>
</kw>
<kw name="Submit Credentials">
<kw name="Click Button" library="SeleniumLibrary">
<arg>Login</arg>
<doc>Clicks the button identified by ``locator``.</doc>
<msg timestamp="20231120 22:49:45.101" level="INFO">Clicking button 'Login'.</msg>
<status status="PASS" starttime="20231120 22:49:45.100" endtime="20231120 22:49:47.193"/>
</kw>
<status status="PASS" starttime="20231120 22:49:45.100" endtime="20231120 22:49:47.193"/>
</kw>
<kw name="Login Should Fail With Message">
<arg>Invalid username or password</arg>
<kw name="Login Page Should Be Open" library="resource">
<kw name="Title Should Be" library="SeleniumLibrary">
<arg>Login</arg>
<doc>Verifies that the current page title equals ``title``.</doc>
<msg timestamp="20231120 22:49:47.706" level="INFO">Page title is 'Login'.</msg>
<status status="PASS" starttime="20231120 22:49:47.193" endtime="20231120 22:49:47.706"/>
</kw>
<status status="PASS" starttime="20231120 22:49:47.193" endtime="20231120 22:49:47.706"/>
</kw>
<kw name="Page Should Contain" library="SeleniumLibrary">
<arg>${message}</arg>
<doc>Verifies that current page contains ``text``.</doc>
<msg timestamp="20231120 22:49:48.739" level="INFO">Current page contains text 'Invalid username or password'.</msg>
<status status="PASS" starttime="20231120 22:49:47.707" endtime="20231120 22:49:48.739"/>
</kw>
<status status="PASS" starttime="20231120 22:49:47.193" endtime="20231120 22:49:48.739"/>
</kw>
<status status="PASS" starttime="20231120 22:49:40.911" endtime="20231120 22:49:48.739"/>
</test>
<kw name="Close Browser" library="SeleniumLibrary" type="TEARDOWN">
<doc>Closes the current browser.</doc>
<status status="PASS" starttime="20231120 22:49:48.741" endtime="20231120 22:49:49.308"/>
</kw>
<status status="PASS" starttime="20231120 22:49:32.908" endtime="20231120 22:49:49.309"/>
</suite>
<status status="PASS" starttime="20231120 22:49:25.875" endtime="20231120 22:49:49.311"/>
</suite>
<statistics>
<total>
<stat pass="4" fail="0" skip="0">All Tests</stat>
</total>
<tag>
</tag>
<suite>
<stat pass="4" fail="0" skip="0" id="s1" name="Tests">Tests</stat>
<stat pass="2" fail="0" skip="0" id="s1-s1" name="Home">Tests.Home</stat>
<stat pass="2" fail="0" skip="0" id="s1-s2" name="Login">Tests.Login</stat>
</suite>
</statistics>
<errors>
</errors>
</robot>
